<?xml version="1.0" encoding="UTF-8"?>
<!-- Generated by org.testng.reporters.JUnitXMLReporter -->
<testsuite ignored="1" hostname="DESKTOP-6B33D2Q" failures="0" tests="5" name="Personnal Loan" time="0.124" errors="0" timestamp="2023-09-03T16:44:34 MDT">
  <testcase classname="test.day1" name="Demo" time="0.012"/>
  <testcase classname="test.day2" name="PLoan" time="0.005"/>
  <testcase classname="test.day4" name="LoginAPIHome" time="0.003"/>
  <testcase classname="test.day4" name="MobileLoginHome" time="0.002"/>
  <testcase classname="test.day4" name="WebLoginHome" time="0.003"/>
  <testcase classname="test.day1" name="SecondTest" time="0.0">
    <ignored/>
  </testcase> <!-- SecondTest -->
</testsuite> <!-- Personnal Loan -->
