<?xml version="1.0" encoding="UTF-8"?>
<!-- Generated by org.testng.reporters.JUnitXMLReporter -->
<testsuite ignored="1" hostname="DESKTOP-6B33D2Q" failures="0" tests="6" name="Car Loan" time="0.175" errors="0" timestamp="2023-09-04T12:37:30 MDT">
  <testcase classname="test.day3" name="MobileLogOut" time="0.009"/>
  <testcase classname="test.day3" name="MobileLogOut" time="0.003"/>
  <testcase classname="test.day3" name="MobileLogOut" time="0.002"/>
  <testcase classname="test.day3" name="MobileLogin" time="0.005"/>
  <testcase classname="test.day3" name="MobileSignIn" time="0.003"/>
  <testcase classname="test.day3" name="WebLogin" time="0.004"/>
  <testcase classname="test.day3" name="APICar" time="0.0">
    <ignored/>
  </testcase> <!-- APICar -->
</testsuite> <!-- Car Loan -->
