<?xml version="1.0" encoding="UTF-8"?>
<!-- Generated by org.testng.reporters.JUnitXMLReporter -->
<testsuite ignored="3" hostname="DESKTOP-6B33D2Q" failures="0" tests="7" name="Regression" time="0.158" errors="0" timestamp="2023-09-03T17:37:08 MDT">
  <testcase classname="test.day1" name="Demo" time="0.012"/>
  <testcase classname="test.day4" name="LoginAPIHome" time="0.002"/>
  <testcase classname="test.day4" name="WebLoginHome" time="0.002"/>
  <testcase classname="test.day3" name="APICar" time="0.002"/>
  <testcase classname="test.day3" name="MobileLogOut" time="0.002"/>
  <testcase classname="test.day3" name="MobileLogin" time="0.002"/>
  <testcase classname="test.day3" name="WebLogin" time="0.002"/>
  <testcase classname="test.day3" name="MobileSignIn" time="0.0">
    <ignored/>
  </testcase> <!-- MobileSignIn -->
  <testcase classname="test.day4" name="MobileLoginHome" time="0.0">
    <ignored/>
  </testcase> <!-- MobileLoginHome -->
  <testcase classname="test.day2" name="PLoan" time="0.0">
    <ignored/>
  </testcase> <!-- PLoan -->
</testsuite> <!-- Regression -->
